  Building Custom Rule C:/Users/User/Desktop/SFML-2.5.1/src/SFML/System/CMakeLists.txt
  Clock.cpp
  Err.cpp
  Lock.cpp
  Mutex.cpp
  Sleep.cpp
  String.cpp
  Thread.cpp
  ThreadLocal.cpp
  Time.cpp
  FileInputStream.cpp
  MemoryInputStream.cpp
  ClockImpl.cpp
C:\Users\User\Desktop\SFML-2.5.1\src\SFML\System\Win32\ClockImpl.cpp(46,35): warning C4996: 'GetVersion': was declared deprecated
  MutexImpl.cpp
  SleepImpl.cpp
  ThreadImpl.cpp
  ThreadLocalImpl.cpp
  Generating Code...
     Creating library C:/Users/User/Desktop/SFML-2.5.1/build/lib/Debug/sfml-system-d.lib and object C:/Users/User/Desktop/SFML-2.5.1/build/lib/Debug/sfml-system-d.exp
  sfml-system.vcxproj -> C:\Users\User\Desktop\SFML-2.5.1\build\lib\Debug\sfml-system-d-2.dll
