  Building Custom Rule C:/Users/User/Desktop/SFML-2.5.1/src/SFML/Audio/CMakeLists.txt
  ALCheck.cpp
  AlResource.cpp
  AudioDevice.cpp
  Listener.cpp
  Music.cpp
  Sound.cpp
  SoundBuffer.cpp
  SoundBufferRecorder.cpp
  InputSoundFile.cpp
  OutputSoundFile.cpp
  SoundRecorder.cpp
  SoundSource.cpp
  SoundStream.cpp
  SoundFileFactory.cpp
  SoundFileReaderFlac.cpp
  SoundFileReaderOgg.cpp
  SoundFileReaderWav.cpp
  SoundFileWriterFlac.cpp
  SoundFileWriterOgg.cpp
  SoundFileWriterWav.cpp
  Generating Code...
     Creating library C:/Users/User/Desktop/SFML-2.5.1/build/lib/Debug/sfml-audio-d.lib and object C:/Users/User/Desktop/SFML-2.5.1/build/lib/Debug/sfml-audio-d.exp
  sfml-audio.vcxproj -> C:\Users\User\Desktop\SFML-2.5.1\build\lib\Debug\sfml-audio-d-2.dll
